<?xml version="1.0" encoding="UTF-8"?>
<testng-results total="1" passed="1" failed="0" skipped="0">
  <reporter-output>
  </reporter-output>
  <suite started-at="2023-01-30T06:13:26Z" name="Default suite" finished-at="2023-01-30T06:13:39Z" duration-ms="13354">
    <groups>
    </groups>
    <test started-at="2023-01-30T06:13:26Z" name="Default test" finished-at="2023-01-30T06:13:39Z" duration-ms="13354">
      <class name="SeleniumFrameworkDesign.tests.appLogin">
        <test-method is-config="true" signature="launchApplication()[pri:0, instance:SeleniumFrameworkDesign.tests.appLogin@f78a47e]" started-at="2023-01-30T11:43:26Z" name="launchApplication" finished-at="2023-01-30T11:43:32Z" duration-ms="5738" status="PASS">
          <reporter-output>
          </reporter-output>
        </test-method> <!-- launchApplication -->
        <test-method signature="appLoginTest()[pri:0, instance:SeleniumFrameworkDesign.tests.appLogin@f78a47e]" started-at="2023-01-30T11:43:32Z" name="appLoginTest" finished-at="2023-01-30T11:43:38Z" duration-ms="6442" status="PASS">
          <reporter-output>
          </reporter-output>
        </test-method> <!-- appLoginTest -->
        <test-method is-config="true" signature="tearDown()[pri:0, instance:SeleniumFrameworkDesign.tests.appLogin@f78a47e]" started-at="2023-01-30T11:43:38Z" name="tearDown" finished-at="2023-01-30T11:43:39Z" duration-ms="1134" status="PASS">
          <reporter-output>
          </reporter-output>
        </test-method> <!-- tearDown -->
      </class> <!-- SeleniumFrameworkDesign.tests.appLogin -->
    </test> <!-- Default test -->
  </suite> <!-- Default suite -->
</testng-results>
